2022-04-20T09:55:41+0200 [-] Loading server.py...
2022-04-20T09:55:41+0200 [-] Loaded.
2022-04-20T09:55:41+0200 [twisted.scripts._twistd_unix.UnixAppLogger#info] twistd 20.3.0 (/usr/bin/python3 3.9.2) starting up.
2022-04-20T09:55:41+0200 [twisted.scripts._twistd_unix.UnixAppLogger#info] reactor class: twisted.internet.epollreactor.EPollReactor.
2022-04-20T09:55:41+0200 [-] ServerFactory starting on 1025
2022-04-20T09:55:41+0200 [twisted.internet.protocol.ServerFactory#info] Starting factory <twisted.internet.protocol.ServerFactory object at 0x7f9937cb4160>
2022-04-20T09:55:52+0200 [stdout#info] 'RQIGFE' b'hi'
2022-04-20T09:55:52+0200 [stdout#info] b'HI'
2022-04-20T09:56:16+0200 [stdout#info] 'L3L37N' b'Hi\r'
2022-04-20T09:56:16+0200 [stdout#info] b'HI\r'
2022-04-20T09:56:34+0200 [stdout#info] '60GFQH' b'USER\tAndrew\tHi'
2022-04-20T09:56:34+0200 [stdout#info] b'USER'
2022-04-20T09:56:34+0200 [Client,2,127.0.0.1] Unhandled Error
	Traceback (most recent call last):
	  File "/usr/lib/python3/dist-packages/twisted/python/log.py", line 103, in callWithLogger
	    return callWithContext({"system": lp}, func, *args, **kw)
	  File "/usr/lib/python3/dist-packages/twisted/python/log.py", line 86, in callWithContext
	    return context.call({ILogContext: newCtx}, func, *args, **kw)
	  File "/usr/lib/python3/dist-packages/twisted/python/context.py", line 122, in callWithContext
	    return self.currentContext().callWithContext(ctx, func, *args, **kw)
	  File "/usr/lib/python3/dist-packages/twisted/python/context.py", line 85, in callWithContext
	    return func(*args,**kw)
	--- <exception caught here> ---
	  File "/usr/lib/python3/dist-packages/twisted/internet/posixbase.py", line 614, in _doReadOrWrite
	    why = selectable.doRead()
	  File "/usr/lib/python3/dist-packages/twisted/internet/tcp.py", line 243, in doRead
	    return self._dataReceived(data)
	  File "/usr/lib/python3/dist-packages/twisted/internet/tcp.py", line 249, in _dataReceived
	    rval = self.protocol.dataReceived(data)
	  File "/usr/lib/python3/dist-packages/twisted/protocols/basic.py", line 572, in dataReceived
	    why = self.lineReceived(line)
	  File "server.py", line 112, in lineReceived
	    trying_user = config.users[args[1]]
	builtins.KeyError: b'Andrew'
	
2022-04-20T09:56:53+0200 [-] Received SIGTERM, shutting down.
2022-04-20T09:56:53+0200 [-] (TCP Port 1025 Closed)
2022-04-20T09:56:53+0200 [twisted.internet.protocol.ServerFactory#info] Stopping factory <twisted.internet.protocol.ServerFactory object at 0x7f9937cb4160>
2022-04-20T09:56:53+0200 [-] Main loop terminated.
2022-04-20T09:56:53+0200 [twisted.scripts._twistd_unix.UnixAppLogger#info] Server Shut Down.
2022-04-20T09:57:10+0200 [-] Loading server.py...
2022-04-20T09:57:10+0200 [-] Loaded.
2022-04-20T09:57:11+0200 [twisted.scripts._twistd_unix.UnixAppLogger#info] twistd 20.3.0 (/usr/bin/python3 3.9.2) starting up.
2022-04-20T09:57:11+0200 [twisted.scripts._twistd_unix.UnixAppLogger#info] reactor class: twisted.internet.epollreactor.EPollReactor.
2022-04-20T09:57:11+0200 [-] ServerFactory starting on 1025
2022-04-20T09:57:11+0200 [twisted.internet.protocol.ServerFactory#info] Starting factory <twisted.internet.protocol.ServerFactory object at 0x7f5af7a9d160>
2022-04-20T10:52:06+0200 [-] Loading server.py...
2022-04-20T10:52:06+0200 [-] Loaded.
2022-04-20T10:52:06+0200 [twisted.scripts._twistd_unix.UnixAppLogger#info] twistd 20.3.0 (/usr/bin/python3 3.9.2) starting up.
2022-04-20T10:52:06+0200 [twisted.scripts._twistd_unix.UnixAppLogger#info] reactor class: twisted.internet.epollreactor.EPollReactor.
2022-04-20T10:52:06+0200 [-] ServerFactory starting on 1025
2022-04-20T10:52:06+0200 [twisted.internet.protocol.ServerFactory#info] Starting factory <twisted.internet.protocol.ServerFactory object at 0x7f14fd4614f0>
2022-04-20T10:52:41+0200 [-] Received SIGTERM, shutting down.
2022-04-20T10:52:41+0200 [-] (TCP Port 1025 Closed)
2022-04-20T10:52:41+0200 [twisted.internet.protocol.ServerFactory#info] Stopping factory <twisted.internet.protocol.ServerFactory object at 0x7f14fd4614f0>
2022-04-20T10:52:41+0200 [-] Main loop terminated.
2022-04-20T10:52:41+0200 [twisted.scripts._twistd_unix.UnixAppLogger#info] Server Shut Down.
